<testsuites id="" name="" tests="1" failures="0" skipped="0" errors="0" time="22.462483">
<testsuite name="main.spec.ts" timestamp="2025-07-11T06:14:30.104Z" hostname="" tests="1" failures="0" skipped="0" time="20.469" errors="0">
<testcase name="Full Flow Suite › TC02 - Verify Home Page" classname="main.spec.ts" time="20.469">
<system-out>
<![CDATA[ Starting login process...
 Entering email...
 Entering password...
 Clicking on login button...
 Waiting for login to complete...
 Login flow finished.
 Verifying heading text...
 Scrolling to bottom of the page...
 Reached bottom of the page.
]]>
</system-out>
</testcase>
</testsuite>
</testsuites>